0 info it worked if it ends with ok
1 verbose cli [ '/usr/local/bin/node', '/usr/local/bin/npm', 'start' ]
2 info using npm@3.10.10
3 info using node@v6.11.0
4 verbose run-script [ 'prestart', 'start', 'poststart' ]
5 info lifecycle startbootstrap-agency@4.0.0-beta~prestart: startbootstrap-agency@4.0.0-beta
6 silly lifecycle startbootstrap-agency@4.0.0-beta~prestart: no script for prestart, continuing
7 info lifecycle startbootstrap-agency@4.0.0-beta~start: startbootstrap-agency@4.0.0-beta
8 verbose lifecycle startbootstrap-agency@4.0.0-beta~start: unsafe-perm in lifecycle true
9 verbose lifecycle startbootstrap-agency@4.0.0-beta~start: PATH: /usr/local/lib/node_modules/npm/bin/node-gyp-bin:/Users/patrickhennessey/Downloads/PEinvestments/node_modules/.bin://anaconda/bin:/usr/local/bin:/usr/bin:/bin:/usr/sbin:/sbin
10 verbose lifecycle startbootstrap-agency@4.0.0-beta~start: CWD: /Users/patrickhennessey/Downloads/PEinvestments
11 silly lifecycle startbootstrap-agency@4.0.0-beta~start: Args: [ '-c', 'app.js' ]
12 info lifecycle startbootstrap-agency@4.0.0-beta~start: Failed to exec start script
13 verbose stack Error: startbootstrap-agency@4.0.0-beta start: `app.js`
13 verbose stack spawn ENOENT
13 verbose stack     at ChildProcess.<anonymous> (/usr/local/lib/node_modules/npm/lib/utils/spawn.js:33:16)
13 verbose stack     at emitTwo (events.js:106:13)
13 verbose stack     at ChildProcess.emit (events.js:191:7)
13 verbose stack     at maybeClose (internal/child_process.js:891:16)
13 verbose stack     at Process.ChildProcess._handle.onexit (internal/child_process.js:226:5)
14 verbose pkgid startbootstrap-agency@4.0.0-beta
15 verbose cwd /Users/patrickhennessey/Downloads/PEinvestments
16 error Darwin 16.6.0
17 error argv "/usr/local/bin/node" "/usr/local/bin/npm" "start"
18 error node v6.11.0
19 error npm  v3.10.10
20 error file sh
21 error code ELIFECYCLE
22 error errno ENOENT
23 error syscall spawn
24 error startbootstrap-agency@4.0.0-beta start: `app.js`
24 error spawn ENOENT
25 error Failed at the startbootstrap-agency@4.0.0-beta start script 'app.js'.
25 error Make sure you have the latest version of node.js and npm installed.
25 error If you do, this is most likely a problem with the startbootstrap-agency package,
25 error not with npm itself.
25 error Tell the author that this fails on your system:
25 error     app.js
25 error You can get information on how to open an issue for this project with:
25 error     npm bugs startbootstrap-agency
25 error Or if that isn't available, you can get their info via:
25 error     npm owner ls startbootstrap-agency
25 error There is likely additional logging output above.
26 verbose exit [ 1, true ]
